<?xml version="1.0" encoding="UTF-8"?>
<testng-results ignored="0" total="1" passed="1" failed="0" skipped="0">
  <reporter-output>
  </reporter-output>
  <suite started-at="2022-12-12T18:59:51 IST" name="Default suite" finished-at="2022-12-12T18:59:57 IST" duration-ms="5780">
    <groups>
    </groups>
    <test started-at="2022-12-12T18:59:51 IST" name="Default test" finished-at="2022-12-12T18:59:57 IST" duration-ms="5780">
      <class name="TestCases.loginTestCase">
        <test-method signature="login()[pri:0, instance:TestCases.loginTestCase@2145b572]" started-at="2022-12-12T18:59:51 IST" name="login" finished-at="2022-12-12T18:59:57 IST" duration-ms="5741" status="PASS">
          <reporter-output>
          </reporter-output>
        </test-method> <!-- login -->
      </class> <!-- TestCases.loginTestCase -->
    </test> <!-- Default test -->
  </suite> <!-- Default suite -->
</testng-results>
